<?xml version="1.0" encoding="UTF-8"?>
<!-- Generated by org.testng.reporters.JUnitReportReporter -->
<testsuite hostname="DESKTOP-CJA0QNI" failures="0" tests="3" name="com.cgi.test.LoginTest" time="94.321" errors="0" timestamp="2024-01-25T09:50:25 GMT" skipped="0">
  <testcase classname="com.cgi.test.LoginTest" name="validLoginTest" time="33.445"/>
  <testcase classname="com.cgi.test.LoginTest" name="validLoginTest" time="25.820"/>
  <testcase classname="com.cgi.test.LoginTest" name="validLoginTest" time="35.056"/>
</testsuite> <!-- com.cgi.test.LoginTest -->
