<?xml version="1.0" encoding="UTF-8"?>
<!-- Generated by org.testng.reporters.JUnitReportReporter -->
<testsuite hostname="DESKTOP-CJA0QNI" failures="0" tests="3" name="com.cgi.test.ZDemo1Test" time="14.135" errors="0" timestamp="2024-01-24T12:40:42 GMT" skipped="0">
  <testcase classname="com.cgi.test.ZDemo1Test" name="validTest" time="7.057"/>
  <testcase classname="com.cgi.test.ZDemo1Test" name="validTest" time="3.214"/>
  <testcase classname="com.cgi.test.ZDemo1Test" name="validTest" time="3.864"/>
</testsuite> <!-- com.cgi.test.ZDemo1Test -->
