<?xml version="1.0" encoding="UTF-8"?>
<!-- Generated by org.testng.reporters.JUnitReportReporter -->
<testsuite hostname="DESKTOP-CJA0QNI" failures="0" tests="1" name="com.cgi.test.LoginUITest" time="14.846" errors="0" timestamp="2024-01-25T09:50:25 GMT" skipped="0">
  <testcase classname="com.cgi.test.LoginUITest" name="TitleTest" time="14.846"/>
</testsuite> <!-- com.cgi.test.LoginUITest -->
